2020/12/22 04:29:07 {"callers":["/Users/youjia/go-programming-tour-book/tour/blog/main.go: 27 main.init.0"],"level":"info","message":"bryan: go-programming-tour-book/blog","time":1608582547981327000}
2020/12/22 04:30:37 {"callers":["/Users/youjia/go-programming-tour-book/tour/blog/main.go: 27 main.init.0"],"level":"info","message":"bryan: go-programming-tour-book/blog","time":1608582637251963000}
2020/12/22 04:38:54 {"callers":["/Users/youjia/go-programming-tour-book/tour/blog/main.go: 27 main.init.0"],"level":"info","message":"bryan: go-programming-tour-book/blog","time":1608582807611744000}
2020/12/22 04:42:16 {"callers":["/Users/youjia/go-programming-tour-book/tour/blog/main.go: 27 main.init.0"],"level":"info","message":"bryan: go-programming-tour-book/blog","time":1608583336347431000}
2020/12/22 04:45:05 {"callers":["/Users/youjia/go-programming-tour-book/tour/blog/main.go: 27 main.init.0"],"level":"info","message":"bryan: go-programming-tour-book/blog","time":1608583496921657000}
2020/12/22 04:48:18 {"callers":["/Users/youjia/go-programming-tour-book/tour/blog/main.go: 27 main.init.0"],"level":"info","message":"bryan: go-programming-tour-book/blog","time":1608583529753858000}
2020/12/22 04:51:12 {"callers":["/Users/youjia/go-programming-tour-book/tour/blog/main.go: 27 main.init.0"],"level":"info","message":"bryan: go-programming-tour-book/blog","time":1608583751799094000}
2020/12/22 19:26:54 {"callers":["c:/GO_Project/go-blog/tour/blog/main.go: 27 main.init.0"],"level":"info","message":"bryan: go-programming-tour-book/blog","time":1608636414705235200}
2020/12/22 19:27:53 {"callers":["c:/GO_Project/go-blog/tour/blog/main.go: 27 main.init.0"],"level":"info","message":"bryan: go-programming-tour-book/blog","time":1608636473910823100}
2020/12/22 19:29:48 {"callers":["c:/GO_Project/go-blog/tour/blog/main.go: 27 main.init.0"],"level":"info","message":"bryan: go-programming-tour-book/blog","time":1608636588108298800}
2020/12/27 20:53:21 {"callers":["/Users/youjia/go-programming-tour-book/go-blog/tour/blog/main.go: 28 main.init.0"],"level":"info","message":"bryan: go-programming-tour-book/blog","time":1609073601979085000}
2020/12/27 20:55:27 {"callers":["/Users/youjia/go-programming-tour-book/go-blog/tour/blog/main.go: 28 main.init.0"],"level":"info","message":"bryan: go-programming-tour-book/blog","time":1609073727581970000}
2020/12/27 20:57:55 {"callers":["/Users/youjia/go-programming-tour-book/go-blog/tour/blog/main.go: 28 main.init.0"],"level":"info","message":"bryan: go-programming-tour-book/blog","time":1609073875977273000}
2021/01/09 22:59:08 {"callers":["/Users/youjia/go-programming-tour-book/go-blog/tour/blog/main.go: 28 main.init.0"],"level":"info","message":"bryan: go-programming-tour-book/blog","time":1610204348559584000}
2021/01/10 19:02:42 {"callers":["/Users/youjia/go-programming-tour-book/go-blog/tour/blog/main.go: 28 main.init.0"],"level":"info","message":"bryan: go-programming-tour-book/blog","time":1610276562326724000}
2021/01/10 19:07:31 {"callers":["/Users/youjia/go-programming-tour-book/go-blog/tour/blog/main.go: 28 main.init.0"],"level":"fatal","message":"app.BindAndValid errs: State必须是[0 1]中的一个","time":1610276851353113000}
2021/01/10 19:17:33 {"callers":["/Users/youjia/go-programming-tour-book/go-blog/tour/blog/main.go: 28 main.init.0"],"level":"info","message":"bryan: go-programming-tour-book/blog","time":1610277453628515000}
2021/01/10 19:17:34 {"callers":["/Users/youjia/go-programming-tour-book/go-blog/tour/blog/main.go: 28 main.init.0"],"level":"fatal","message":"app.BindAndValid errs: Name为必填字段","time":1610277454716310000}
2021/01/17 17:16:46 {"callers":["/Users/youjia/go-programming-tour-book/go-blog/tour/blog/main.go: 28 main.init.0"],"level":"info","message":"bryan: go-programming-tour-book/blog","time":1610875006865405000}
2021/01/17 17:20:27 {"callers":["/Users/youjia/go-programming-tour-book/go-blog/tour/blog/main.go: 28 main.init.0"],"level":"info","message":"bryan: go-programming-tour-book/blog","time":1610875227032013000}
2021/01/17 17:21:56 {"callers":["/Users/youjia/go-programming-tour-book/go-blog/tour/blog/main.go: 28 main.init.0"],"level":"info","message":"bryan: go-programming-tour-book/blog","time":1610875316326147000}
2021/01/17 17:22:00 {"callers":["/Users/youjia/go-programming-tour-book/go-blog/tour/blog/main.go: 28 main.init.0"],"level":"fatal","message":"app.BindAndValid errs: Name长度必须至少为3个字符","time":1610875320663923000}
2021/01/17 17:22:21 {"callers":["/Users/youjia/go-programming-tour-book/go-blog/tour/blog/main.go: 28 main.init.0"],"level":"info","message":"bryan: go-programming-tour-book/blog","time":1610875341623551000}
2021/01/17 17:22:30 {"callers":["/Users/youjia/go-programming-tour-book/go-blog/tour/blog/main.go: 28 main.init.0"],"level":"fatal","message":"svc.CreateTag err: Error 1054: Unknown column 'modified_on' in 'field list'","time":1610875350987099000}
2021/01/17 17:25:07 {"callers":["/Users/youjia/go-programming-tour-book/go-blog/tour/blog/main.go: 28 main.init.0"],"level":"fatal","message":"svc.CreateTag err: Error 1054: Unknown column 'modified_on' in 'field list'","time":1610875507595644000}
2021/01/24 16:18:00 {"callers":["/Users/youjia/go-programming-tour-book/go-blog/tour/blog/main.go: 28 main.init.0"],"level":"info","message":"bryan: go-programming-tour-book/blog","time":1611476280877320000}
2021/01/24 16:25:42 {"callers":["/Users/youjia/go-programming-tour-book/go-blog/tour/blog/main.go: 28 main.init.0"],"level":"info","message":"bryan: go-programming-tour-book/blog","time":1611476742056880000}
2021/01/30 23:26:09 {"callers":["/Users/youjia/go-programming-tour-book/go-blog/tour/blog/main.go: 28 main.init.0"],"level":"info","message":"bryan: go-programming-tour-book/blog","time":1612020369663175000}
2021/01/30 23:29:22 {"callers":["/Users/youjia/go-programming-tour-book/go-blog/tour/blog/main.go: 28 main.init.0"],"level":"fatal","message":"app.BindAndValid errs: AppKey为必填字段,AppSecret为必填字段","time":1612020562916145000}
2021/01/30 23:30:47 {"callers":["/Users/youjia/go-programming-tour-book/go-blog/tour/blog/main.go: 28 main.init.0"],"level":"fatal","message":"app.BindAndValid errs: AppKey为必填字段,AppSecret为必填字段","time":1612020647918729000}
2021/01/30 23:36:34 {"callers":["/Users/youjia/go-programming-tour-book/go-blog/tour/blog/main.go: 28 main.init.0"],"level":"info","message":"bryan: go-programming-tour-book/blog","time":1612020994801208000}
2021/01/30 23:37:02 {"callers":["/Users/youjia/go-programming-tour-book/go-blog/tour/blog/main.go: 28 main.init.0"],"level":"fatal","message":"app.BindAndValid errs: AppKey为必填字段,AppSecret为必填字段","time":1612021022490319000}
2021/01/30 23:39:40 {"callers":["/Users/youjia/go-programming-tour-book/go-blog/tour/blog/main.go: 28 main.init.0"],"level":"fatal","message":"app.BindAndValid errs: AppKey为必填字段,AppSecret为必填字段","time":1612021180275714000}
2021/01/30 23:40:30 {"callers":["/Users/youjia/go-programming-tour-book/go-blog/tour/blog/main.go: 28 main.init.0"],"level":"info","message":"bryan: go-programming-tour-book/blog","time":1612021230212556000}
2021/01/30 23:40:42 {"callers":["/Users/youjia/go-programming-tour-book/go-blog/tour/blog/main.go: 28 main.init.0"],"level":"fatal","message":"app.BindAndValid errs: AppKey为必填字段,AppSecret为必填字段","time":1612021242586337000}
2021/01/30 23:41:46 {"callers":["/Users/youjia/go-programming-tour-book/go-blog/tour/blog/main.go: 28 main.init.0"],"level":"fatal","message":"svc.CreateTag err: Error 1054: Unknown column 'modified_on' in 'field list'","time":1612021306685769000}
2021/01/30 23:42:24 {"callers":["/Users/youjia/go-programming-tour-book/go-blog/tour/blog/main.go: 28 main.init.0"],"level":"fatal","message":"app.BindAndValid errs: AppSecret为必填字段,AppKey为必填字段","time":1612021344324527000}
2021/01/30 23:42:47 {"callers":["/Users/youjia/go-programming-tour-book/go-blog/tour/blog/main.go: 28 main.init.0"],"level":"fatal","message":"svc.CheckAuth err: auth info does not exist.","time":1612021367399267000}
2021/01/31 00:16:29 {"callers":["/Users/youjia/go-programming-tour-book/go-blog/tour/blog/main.go: 28 main.init.0"],"level":"info","message":"bryan: go-programming-tour-book/blog","time":1612023389867733000}
2021/02/10 20:53:53 {"callers":["/Users/youjia/go-programming-tour-book/go-blog/tour/blog/main.go: 29 main.init.0"],"level":"info","message":"bryan: go-programming-tour-book/blog","time":1612961633695559000}
